Alt_L
Tab
Alt_L
Tab
Alt_L
Tab
g
m
a
i
l
Return
a
l
b
e
r
t
a
l
g
i
l
a
g
a
[65027]
2
g
m
a
i
l
period
c
o
m
Tab
6
1
7
2
8
4
7
7
8
a
o
l
o
r
m
e
n
t
a
1
7
Shift_R
Page_Up
Home
6
1
7
2
8
4
7
7
8
a
Shift_L
A
Return
Alt_L
Tab
Alt_L
Tab
Control_L
f
g
m
BackSpace
BackSpace
m
BackSpace
BackSpace
BackSpace
BackSpace
BackSpace
BackSpace
BackSpace
BackSpace
BackSpace
Alt_L
Tab
Tab
Control_L
c
Control_L
c
c
Return
Return
apostrophe
Return
[65104]
Return
[65105]
[65105]
Return
Alt_L
Tab
Control_L
c
c
c
c
c
c
c
Alt_L
Tab
Tab
Tab
s
u
d
o
Return
s
u
d
o
space
i
p
space
a
space
s
Return
Alt_L
Tab
Tab
[65104]
[65104]
Delete
BackSpace
Control_L
s
Alt_L
Tab
Alt_L
Alt_L
Tab
p
s
space
minus
a
Return
k
i
l
l
a
l
l
space
BackSpace
BackSpace
BackSpace
BackSpace
space
minus
9
space
k
e
y
Shift_L
L
o
g
g
e
r
Return
Left
Up
Left
Left
Left
Left
Left
Left
Left
Left
Left
Left
Left
Left
Left
a
l
l
Return
Up
minus
BackSpace
period
p
y
Return
Up
BackSpace
BackSpace
BackSpace
BackSpace
BackSpace
BackSpace
BackSpace
BackSpace
BackSpace
BackSpace
BackSpace
BackSpace
BackSpace
BackSpace
BackSpace
BackSpace
BackSpace
BackSpace
BackSpace
BackSpace
BackSpace
BackSpace
BackSpace
BackSpace
BackSpace
BackSpace
BackSpace
BackSpace
BackSpace
BackSpace
p
s
space
minus
a
Return
k
i
l
l
a
l
l
space
minus
9
space
p
y
t
h
o
n
Return
gmainBackSpacelReturnalbert[65027]2gmailperiodcomReturn617284665674aReturnAlt_LTabTabTabControl_LfgmailReturnReturnReturnReturnReturnReturnReturnReturnReturnReturnReturnShift_RHomeBackSpaceControl_LcccReturnAlt_LTabTabTabUpReturn